2024-02-02 18:02:433 INFO  BaseClass:68 - chrome : is launched successfully
2024-02-02 18:02:512 INFO  BaseClass:68 - chrome : is launched successfully
2024-02-02 18:02:528 INFO  BaseClass:88 - Enter URL : https://test-v2-eh.ebixexchange.com/login
2024-02-02 18:02:950 INFO  BaseClass:88 - Enter URL : https://test-v2-eh.ebixexchange.com/login
2024-02-02 18:02:407 INFO  BaseClass:95 - verifyLoginURL test is Started
2024-02-02 18:02:589 INFO  LoginPage:63 - Verify URL
2024-02-02 18:02:772 INFO  BaseClass:95 - login test is Started
2024-02-02 18:02:290 INFO  BaseClass:109 - verifyLoginURL test is pass
2024-02-02 18:02:297 INFO  BaseClass:116 - verifyLoginURL - is Finished.
2024-02-02 18:02:710 INFO  BaseClass:95 - verifyLoginPageTitle test is Started
2024-02-02 18:02:720 INFO  LoginPage:68 - Verify login page Title
2024-02-02 18:02:798 INFO  BaseClass:109 - verifyLoginPageTitle test is pass
2024-02-02 18:02:799 INFO  BaseClass:116 - verifyLoginPageTitle - is Finished.
2024-02-02 18:02:854 INFO  BaseClass:95 - verifyLogoImage test is Started
2024-02-02 18:02:858 INFO  LoginPage:73 - Verify Logo
2024-02-02 18:02:553 INFO  LoginPage:103 - Enter Username : pankaj.yadav
2024-02-02 18:02:343 INFO  LoginPage:109 - Enter Password : Ebix@123
2024-02-02 18:02:628 INFO  LoginPage:114 - Clicked on Login
2024-02-02 18:02:587 INFO  BaseClass:109 - login test is pass
2024-02-02 18:02:591 INFO  BaseClass:116 - login - is Finished.
2024-02-02 18:02:693 INFO  BaseClass:95 - createNewPolicy test is Started
2024-02-02 18:02:386 INFO  CommonLocatorsAndMethod:388 - Clicked on Policy
2024-02-02 18:02:248 INFO  BaseClass:102 - verifyLogoImage test is Failedjava.lang.AssertionError: expected [true] but found [false]
2024-02-02 18:02:566 INFO  BaseClass:116 - verifyLogoImage - is Finished.
2024-02-02 18:02:757 INFO  BaseClass:95 - verifyUserIdLabel test is Started
2024-02-02 18:02:773 INFO  LoginPage:78 - Verify User ID Label
2024-02-02 18:02:66 INFO  BaseClass:102 - verifyUserIdLabel test is Failedorg.openqa.selenium.NoSuchElementException: Cannot locate an element using By.chained({By.xpath: //div/input[@id='mat-input-0']/parent::div/span/label})
For documentation on this error, please visit: https://www.selenium.dev/documentation/webdriver/troubleshooting/errors#no-such-element-exception
Build info: version: '4.17.0', revision: 'e52b1be057*'
System info: os.name: 'Windows 10', os.arch: 'amd64', os.version: '10.0', java.version: '11.0.21'
Driver info: driver.version: RemoteWebDriver
2024-02-02 18:02:343 INFO  CommonLocatorsAndMethod:393 - Clicked on Add Policy
2024-02-02 18:02:629 INFO  BaseClass:116 - verifyUserIdLabel - is Finished.
2024-02-02 18:02:805 INFO  BaseClass:95 - verifyPasswordLabel test is Started
2024-02-02 18:02:808 INFO  LoginPage:83 - Verify Password Label
2024-02-02 18:02:392 INFO  BaseClass:102 - verifyPasswordLabel test is Failedorg.openqa.selenium.NoSuchElementException: Cannot locate an element using By.chained({By.xpath: //div/input[@id='mat-input-1']/parent::div/span/label})
For documentation on this error, please visit: https://www.selenium.dev/documentation/webdriver/troubleshooting/errors#no-such-element-exception
Build info: version: '4.17.0', revision: 'e52b1be057*'
System info: os.name: 'Windows 10', os.arch: 'amd64', os.version: '10.0', java.version: '11.0.21'
Driver info: driver.version: RemoteWebDriver
2024-02-02 18:02:616 INFO  BaseClass:116 - verifyPasswordLabel - is Finished.
2024-02-02 18:02:744 INFO  BaseClass:95 - verifyLoginButtonText test is Started
2024-02-02 18:02:758 INFO  LoginPage:87 - Verify Login Button Text
